This is pdfTeX, Version 3.141592653-2.6-1.40.26 (TeX Live 2024) (preloaded format=pdflatex 2024.4.15)  15 APR 2024 19:59
entering extended mode
 restricted \write18 enabled.
 %&-line parsing enabled.
**/Users/sanghoonpark/Library/CloudStorage/Dropbox/Scholar/2_Graduates/2019_03_
Fall/PER_R19_AutocraticWelfare/Authoritarian.Welfare/preamble.tex

(/Users/sanghoonpark/Library/CloudStorage/Dropbox/Scholar/2_Graduates/2019_03_F
all/PER_R19_AutocraticWelfare/Authoritarian.Welfare/preamble.tex
LaTeX2e <2023-11-01> patch level 1
L3 programming layer <2024-02-20>
! Undefined control sequence.
l.1 \usetheme
             [progressbar=foot, sectionpage = none]{moloch}% modern fork of ...
 
Here is how much of TeX's memory you used:
 17 strings out of 474116
 775 string characters out of 5743682
 1925187 words of memory out of 5000000
 22476 multiletter control sequences out of 15000+600000
 558069 words of font info for 36 fonts, out of 8000000 for 9000
 1141 hyphenation exceptions out of 8191
 12i,0n,13p,266b,8s stack positions out of 10000i,1000n,20000p,200000b,200000s
!  ==> Fatal error occurred, no output PDF file produced!
